<?xml version="1.0" encoding="UTF-8"?>
<testng-results ignored="1" total="2" passed="1" failed="0" skipped="0">
  <reporter-output>
  </reporter-output>
  <suite started-at="2024-07-02T12:00:16 IST" name="Default suite" finished-at="2024-07-02T12:00:18 IST" duration-ms="2339">
    <groups>
    </groups>
    <test started-at="2024-07-02T12:00:16 IST" name="Default test" finished-at="2024-07-02T12:00:18 IST" duration-ms="2339">
      <class name="com.maveric.project.test.RestApiTest">
        <test-method is-config="true" signature="SetupEnv()[pri:0, instance:com.maveric.project.test.RestApiTest@5ab956d7]" started-at="2024-07-02T12:00:16 IST" name="SetupEnv" finished-at="2024-07-02T12:00:16 IST" duration-ms="384" status="PASS">
          <reporter-output>
          </reporter-output>
        </test-method> <!-- SetupEnv -->
        <test-method signature="test10()[pri:0, instance:com.maveric.project.test.RestApiTest@5ab956d7]" started-at="2024-07-02T12:00:16 IST" name="test10" finished-at="2024-07-02T12:00:18 IST" duration-ms="1931" status="PASS">
          <reporter-output>
          </reporter-output>
        </test-method> <!-- test10 -->
        <test-method is-config="true" signature="tearDownEnv()[pri:0, instance:com.maveric.project.test.RestApiTest@5ab956d7]" started-at="2024-07-02T12:00:18 IST" name="tearDownEnv" finished-at="2024-07-02T12:00:18 IST" duration-ms="0" status="PASS">
          <reporter-output>
          </reporter-output>
        </test-method> <!-- tearDownEnv -->
      </class> <!-- com.maveric.project.test.RestApiTest -->
    </test> <!-- Default test -->
  </suite> <!-- Default suite -->
</testng-results>
