<?xml version="1.0" encoding="UTF-8"?>
<testng-results ignored="0" total="1" passed="1" failed="0" skipped="0">
  <reporter-output>
  </reporter-output>
  <suite started-at="2024-07-04T15:26:33 IST" name="Default suite" finished-at="2024-07-04T15:26:38 IST" duration-ms="4869">
    <groups>
    </groups>
    <test started-at="2024-07-04T15:26:33 IST" name="Default test" finished-at="2024-07-04T15:26:38 IST" duration-ms="4869">
      <class name="com.maveric.project.test.SecuredFakeApiTest">
        <test-method is-config="true" signature="setAuthEnv()[pri:0, instance:com.maveric.project.test.SecuredFakeApiTest@3e08ff24]" started-at="2024-07-04T15:26:33 IST" name="setAuthEnv" finished-at="2024-07-04T15:26:36 IST" duration-ms="3472" status="PASS">
          <reporter-output>
          </reporter-output>
        </test-method> <!-- setAuthEnv -->
        <test-method signature="test9()[pri:0, instance:com.maveric.project.test.SecuredFakeApiTest@3e08ff24]" started-at="2024-07-04T15:26:36 IST" name="test9" finished-at="2024-07-04T15:26:38 IST" duration-ms="1352" status="PASS">
          <reporter-output>
          </reporter-output>
        </test-method> <!-- test9 -->
      </class> <!-- com.maveric.project.test.SecuredFakeApiTest -->
    </test> <!-- Default test -->
  </suite> <!-- Default suite -->
</testng-results>
