<?xml version="1.0" encoding="UTF-8"?>
<!-- Generated by org.testng.reporters.JUnitXMLReporter -->
<testsuite ignored="8" hostname="MAVCHN1121232" failures="0" tests="1" name="Default test" time="4.869" errors="0" timestamp="2024-07-04T15:26:38 IST">
  <testcase classname="com.maveric.project.test.SecuredFakeApiTest" name="test9" time="1.352"/>
  <testcase classname="com.maveric.project.test.SecuredFakeApiTest" name="test1" time="0.0">
    <ignored/>
  </testcase> <!-- test1 -->
  <testcase classname="com.maveric.project.test.SecuredFakeApiTest" name="test3" time="0.0">
    <ignored/>
  </testcase> <!-- test3 -->
  <testcase classname="com.maveric.project.test.SecuredFakeApiTest" name="test2" time="0.0">
    <ignored/>
  </testcase> <!-- test2 -->
  <testcase classname="com.maveric.project.test.SecuredFakeApiTest" name="test8" time="0.0">
    <ignored/>
  </testcase> <!-- test8 -->
  <testcase classname="com.maveric.project.test.SecuredFakeApiTest" name="test5" time="0.0">
    <ignored/>
  </testcase> <!-- test5 -->
  <testcase classname="com.maveric.project.test.SecuredFakeApiTest" name="test4" time="0.0">
    <ignored/>
  </testcase> <!-- test4 -->
  <testcase classname="com.maveric.project.test.SecuredFakeApiTest" name="test7" time="0.0">
    <ignored/>
  </testcase> <!-- test7 -->
  <testcase classname="com.maveric.project.test.SecuredFakeApiTest" name="test6" time="0.0">
    <ignored/>
  </testcase> <!-- test6 -->
</testsuite> <!-- Default test -->
