<?xml version="1.0" encoding="UTF-8"?>
<testng-results ignored="0" total="1" passed="1" failed="0" skipped="0">
  <reporter-output>
  </reporter-output>
  <suite started-at="2024-06-20T17:52:48 IST" name="DemoSuite" finished-at="2024-06-20T17:53:12 IST" duration-ms="24138">
    <groups>
    </groups>
    <test started-at="2024-06-20T17:52:48 IST" name="RegisterTest" finished-at="2024-06-20T17:53:12 IST" duration-ms="24138">
      <class name="com.maveric.project.test.RegisterTest">
        <test-method is-config="true" signature="beforeMethod()[pri:0, instance:com.maveric.project.test.RegisterTest@51c668e3]" started-at="2024-06-20T17:52:48 IST" name="beforeMethod" finished-at="2024-06-20T17:53:12 IST" duration-ms="23726" status="PASS">
          <reporter-output>
          </reporter-output>
        </test-method> <!-- beforeMethod -->
        <test-method signature="test1()[pri:0, instance:com.maveric.project.test.RegisterTest@51c668e3]" started-at="2024-06-20T17:53:12 IST" name="test1" finished-at="2024-06-20T17:53:12 IST" duration-ms="375" status="PASS">
          <reporter-output>
          </reporter-output>
        </test-method> <!-- test1 -->
        <test-method is-config="true" signature="afterMethod()[pri:0, instance:com.maveric.project.test.RegisterTest@51c668e3]" started-at="2024-06-20T17:53:12 IST" name="afterMethod" finished-at="2024-06-20T17:53:12 IST" duration-ms="0" status="PASS">
          <reporter-output>
          </reporter-output>
        </test-method> <!-- afterMethod -->
      </class> <!-- com.maveric.project.test.RegisterTest -->
    </test> <!-- RegisterTest -->
  </suite> <!-- DemoSuite -->
</testng-results>
