<?xml version="1.0" encoding="UTF-8"?>
<testng-results ignored="0" total="1" passed="1" failed="0" skipped="0">
  <reporter-output>
  </reporter-output>
  <suite started-at="2024-07-05T16:27:08 IST" name="Default suite" finished-at="2024-07-05T16:27:15 IST" duration-ms="6477">
    <groups>
    </groups>
    <test started-at="2024-07-05T16:27:08 IST" name="Default test" finished-at="2024-07-05T16:27:15 IST" duration-ms="6477">
      <class name="com.maveric.yatra.test.YatraTest">
        <test-method is-config="true" signature="setupEnv()[pri:0, instance:com.maveric.yatra.test.YatraTest@f0c8a99]" started-at="2024-07-05T16:27:08 IST" name="setupEnv" finished-at="2024-07-05T16:27:14 IST" duration-ms="6063" status="PASS">
          <reporter-output>
          </reporter-output>
        </test-method> <!-- setupEnv -->
        <test-method signature="test1()[pri:0, instance:com.maveric.yatra.test.YatraTest@f0c8a99]" started-at="2024-07-05T16:27:14 IST" name="test1" finished-at="2024-07-05T16:27:15 IST" duration-ms="369" status="PASS">
          <reporter-output>
          </reporter-output>
        </test-method> <!-- test1 -->
      </class> <!-- com.maveric.yatra.test.YatraTest -->
    </test> <!-- Default test -->
  </suite> <!-- Default suite -->
</testng-results>
