<?xml version="1.0" encoding="UTF-8"?>
<!-- Generated by org.testng.reporters.JUnitXMLReporter -->
<testsuite ignored="1" hostname="MAVCHN1121232" failures="0" tests="1" name="Default test" time="2.339" errors="0" timestamp="2024-07-02T12:00:18 IST">
  <testcase classname="com.maveric.project.test.RestApiTest" name="test10" time="1.931"/>
  <testcase classname="com.maveric.project.test.RestApiTest" name="test9" time="0.0">
    <ignored/>
  </testcase> <!-- test9 -->
</testsuite> <!-- Default test -->
