<?xml version="1.0" encoding="UTF-8"?>
<!-- Generated by org.testng.reporters.JUnitXMLReporter -->
<testsuite ignored="15" hostname="MAVCHN1121232" failures="0" tests="0" time="0.061" errors="0" timestamp="2024-07-11T15:35:25 IST">
  <testcase classname="com.maveric.project.test.RestApiTest" name="test6" time="0.0">
    <ignored/>
  </testcase> <!-- test6 -->
  <testcase classname="com.maveric.project.test.RestApiTest" name="test12" time="0.0">
    <ignored/>
  </testcase> <!-- test12 -->
  <testcase classname="com.maveric.project.test.RestApiTest" name="test10" time="0.0">
    <ignored/>
  </testcase> <!-- test10 -->
  <testcase classname="com.maveric.project.test.RestApiTest" name="test11" time="0.0">
    <ignored/>
  </testcase> <!-- test11 -->
  <testcase classname="com.maveric.project.test.RestApiTest" name="test14" time="0.0">
    <ignored/>
  </testcase> <!-- test14 -->
  <testcase classname="com.maveric.project.test.RestApiTest" name="test15" time="0.0">
    <ignored/>
  </testcase> <!-- test15 -->
  <testcase classname="com.maveric.project.test.RestApiTest" name="test13" time="0.0">
    <ignored/>
  </testcase> <!-- test13 -->
  <testcase classname="com.maveric.project.test.RestApiTest" name="test1" time="0.0">
    <ignored/>
  </testcase> <!-- test1 -->
  <testcase classname="com.maveric.project.test.RestApiTest" name="test4" time="0.0">
    <ignored/>
  </testcase> <!-- test4 -->
  <testcase classname="com.maveric.project.test.RestApiTest" name="test3" time="0.0">
    <ignored/>
  </testcase> <!-- test3 -->
  <testcase classname="com.maveric.project.test.RestApiTest" name="test5" time="0.0">
    <ignored/>
  </testcase> <!-- test5 -->
  <testcase classname="com.maveric.project.test.RestApiTest" name="test8" time="0.0">
    <ignored/>
  </testcase> <!-- test8 -->
  <testcase classname="com.maveric.project.test.RestApiTest" name="test7" time="0.0">
    <ignored/>
  </testcase> <!-- test7 -->
  <testcase classname="com.maveric.project.test.RestApiTest" name="test2" time="0.0">
    <ignored/>
  </testcase> <!-- test2 -->
  <testcase classname="com.maveric.project.test.RestApiTest" name="test9" time="0.0">
    <ignored/>
  </testcase> <!-- test9 -->
</testsuite>
