<?xml version="1.0" encoding="UTF-8"?>
<testng-results ignored="0" total="2" passed="2" failed="0" skipped="0">
  <reporter-output>
  </reporter-output>
  <suite started-at="2024-06-18T12:43:46 IST" name="AppSuite" finished-at="2024-06-18T12:43:46 IST" duration-ms="179">
    <groups>
    </groups>
    <test started-at="2024-06-18T12:43:46 IST" name="SmokeTest" finished-at="2024-06-18T12:43:46 IST" duration-ms="70">
      <class name="com.maveric.project.suite.SampleTest1">
        <test-method is-config="true" signature="beforetest()[pri:0, instance:com.maveric.project.suite.SampleTest1@29215f06]" started-at="2024-06-18T12:43:46 IST" name="beforetest" finished-at="2024-06-18T12:43:46 IST" duration-ms="0" status="PASS">
          <reporter-output>
          </reporter-output>
        </test-method> <!-- beforetest -->
        <test-method is-config="true" signature="beforeclass()[pri:0, instance:com.maveric.project.suite.SampleTest1@29215f06]" started-at="2024-06-18T12:43:46 IST" name="beforeclass" finished-at="2024-06-18T12:43:46 IST" duration-ms="0" status="PASS">
          <reporter-output>
          </reporter-output>
        </test-method> <!-- beforeclass -->
        <test-method is-config="true" signature="beforemethod()[pri:0, instance:com.maveric.project.suite.SampleTest1@29215f06]" started-at="2024-06-18T12:43:46 IST" name="beforemethod" finished-at="2024-06-18T12:43:46 IST" duration-ms="1" status="PASS">
          <reporter-output>
          </reporter-output>
        </test-method> <!-- beforemethod -->
        <test-method signature="test1()[pri:0, instance:com.maveric.project.suite.SampleTest1@29215f06]" started-at="2024-06-18T12:43:46 IST" name="test1" finished-at="2024-06-18T12:43:46 IST" duration-ms="5" status="PASS">
          <reporter-output>
          </reporter-output>
        </test-method> <!-- test1 -->
        <test-method is-config="true" signature="aftermethod()[pri:0, instance:com.maveric.project.suite.SampleTest1@29215f06]" started-at="2024-06-18T12:43:46 IST" name="aftermethod" finished-at="2024-06-18T12:43:46 IST" duration-ms="1" status="PASS">
          <reporter-output>
          </reporter-output>
        </test-method> <!-- aftermethod -->
        <test-method signature="test2()[pri:0, instance:com.maveric.project.suite.SampleTest1@29215f06]" started-at="2024-06-18T12:43:46 IST" name="test2" finished-at="2024-06-18T12:43:46 IST" duration-ms="3" status="PASS">
          <reporter-output>
          </reporter-output>
        </test-method> <!-- test2 -->
        <test-method is-config="true" signature="beforemethod()[pri:0, instance:com.maveric.project.suite.SampleTest1@29215f06]" started-at="2024-06-18T12:43:46 IST" name="beforemethod" finished-at="2024-06-18T12:43:46 IST" duration-ms="0" status="PASS">
          <reporter-output>
          </reporter-output>
        </test-method> <!-- beforemethod -->
        <test-method is-config="true" signature="aftermethod()[pri:0, instance:com.maveric.project.suite.SampleTest1@29215f06]" started-at="2024-06-18T12:43:46 IST" name="aftermethod" finished-at="2024-06-18T12:43:46 IST" duration-ms="0" status="PASS">
          <reporter-output>
          </reporter-output>
        </test-method> <!-- aftermethod -->
        <test-method is-config="true" signature="afterclass()[pri:0, instance:com.maveric.project.suite.SampleTest1@29215f06]" started-at="2024-06-18T12:43:46 IST" name="afterclass" finished-at="2024-06-18T12:43:46 IST" duration-ms="0" status="PASS">
          <reporter-output>
          </reporter-output>
        </test-method> <!-- afterclass -->
        <test-method is-config="true" signature="aftertest()[pri:0, instance:com.maveric.project.suite.SampleTest1@29215f06]" started-at="2024-06-18T12:43:46 IST" name="aftertest" finished-at="2024-06-18T12:43:46 IST" duration-ms="0" status="PASS">
          <reporter-output>
          </reporter-output>
        </test-method> <!-- aftertest -->
      </class> <!-- com.maveric.project.suite.SampleTest1 -->
    </test> <!-- SmokeTest -->
    <test started-at="2024-06-18T12:43:46 IST" name="EndtoEnd" finished-at="2024-06-18T12:43:46 IST" duration-ms="1">
      <class name="com.maveric.project.suite.TestSuite">
        <test-method is-config="true" signature="beforeSuite()[pri:0, instance:com.maveric.project.suite.TestSuite@76a4ebf2]" started-at="2024-06-18T12:43:45 IST" name="beforeSuite" finished-at="2024-06-18T12:43:46 IST" duration-ms="11" status="PASS">
          <reporter-output>
          </reporter-output>
        </test-method> <!-- beforeSuite -->
        <test-method is-config="true" signature="afterSuite()[pri:0, instance:com.maveric.project.suite.TestSuite@76a4ebf2]" started-at="2024-06-18T12:43:46 IST" name="afterSuite" finished-at="2024-06-18T12:43:46 IST" duration-ms="0" status="PASS">
          <reporter-output>
          </reporter-output>
        </test-method> <!-- afterSuite -->
      </class> <!-- com.maveric.project.suite.TestSuite -->
    </test> <!-- EndtoEnd -->
  </suite> <!-- AppSuite -->
</testng-results>
